<?xml version="1.0" encoding="utf-8"?>
<test-run id="2" testcasecount="56" result="Passed" total="56" passed="56" failed="0" inconclusive="0" skipped="0" asserts="0" engine-version="3.5.0.0" clr-version="4.0.30319.42000" start-time="2026-09-20 10:02:05Z" end-time="2026-09-20 10:02:06Z" duration="0.8674708">
  <test-suite type="TestSuite" id="1000" name="HELLSCRIPT" fullname="HELLSCRIPT" runstate="Runnable" testcasecount="2755" result="Passed" start-time="2026-09-20 10:02:05Z" end-time="2026-09-20 10:02:06Z" duration="0.867471" total="56" passed="56" failed="0" inconclusive="0" skipped="0" asserts="0">
    <properties>
      <property name="platform" value="EditMode" />
    </properties>
    <test-suite type="Assembly" id="4228" name="Hellscript.Tests.dll" fullname="/Users/t8g-2410-pn-005/.codex/worktrees/town-hud-responsive/HELLSCRIPT/Library/ScriptAssemblies/Hellscript.Tests.dll" runstate="Runnable" testcasecount="2755" result="Passed" start-time="2026-09-20 10:02:05Z" end-time="2026-09-20 10:02:06Z" duration="0.808084" total="56" passed="56" failed="0" inconclusive="0" skipped="0" asserts="0">
      <properties>
        <property name="_PID" value="90321" />
        <property name="_APPDOMAIN" value="Unity Child Domain" />
        <property name="platform" value="EditMode" />
        <property name="EditorOnly" value="True" />
      </properties>
      <test-suite type="TestSuite" id="4229" name="Hellscript" fullname="Hellscript" runstate="Runnable" testcasecount="2755" result="Passed" start-time="2026-09-20 10:02:05Z" end-time="2026-09-20 10:02:06Z" duration="0.737075" total="56" passed="56" failed="0" inconclusive="0" skipped="0" asserts="0">
        <properties />
        <test-suite type="TestSuite" id="4230" name="Tests" fullname="Hellscript.Tests" runstate="Runnable" testcasecount="2755" result="Passed" start-time="2026-09-20 10:02:05Z" end-time="2026-09-20 10:02:06Z" duration="0.709680" total="56" passed="56" failed="0" inconclusive="0" skipped="0" asserts="0">
          <properties />
          <test-suite type="TestFixture" id="2946" name="GlobalHudResourceTests" fullname="Hellscript.Tests.GlobalHudResourceTests" classname="Hellscript.Tests.GlobalHudResourceTests" runstate="Runnable" testcasecount="1" result="Passed" start-time="2026-09-20 10:02:05Z" end-time="2026-09-20 10:02:05Z" duration="0.228373" total="1" passed="1" failed="0" inconclusive="0" skipped="0" asserts="0">
            <properties />
            <test-case id="2947" name="ImportedHudSpritesPreserveAlphaIdentityAndSlicedBorders" fullname="Hellscript.Tests.GlobalHudResourceTests.ImportedHudSpritesPreserveAlphaIdentityAndSlicedBorders" methodname="ImportedHudSpritesPreserveAlphaIdentityAndSlicedBorders" classname="Hellscript.Tests.GlobalHudResourceTests" runstate="Runnable" seed="889945974" result="Passed" start-time="2026-09-20 10:02:05Z" end-time="2026-09-20 10:02:05Z" duration="0.217358" asserts="0">
              <properties>
                <property name="retryIteration" value="0" />
                <property name="repeatIteration" value="0" />
              </properties>
            </test-case>
          </test-suite>
          <test-suite type="TestFixture" id="2948" name="GlobalHudTests" fullname="Hellscript.Tests.GlobalHudTests" classname="Hellscript.Tests.GlobalHudTests" runstate="Runnable" testcasecount="10" result="Passed" start-time="2026-09-20 10:02:05Z" end-time="2026-09-20 10:02:06Z" duration="0.139102" total="10" passed="10" failed="0" inconclusive="0" skipped="0" asserts="0">
            <properties />
            <test-suite type="ParameterizedMethod" id="2957" name="AllSevenSkillsAndThreePotionsStayInside" fullname="Hellscript.Tests.GlobalHudTests.AllSevenSkillsAndThreePotionsStayInside" classname="Hellscript.Tests.GlobalHudTests" runstate="Runnable" testcasecount="5" result="Passed" start-time="2026-09-20 10:02:05Z" end-time="2026-09-20 10:02:05Z" duration="0.008376" total="5" passed="5" failed="0" inconclusive="0" skipped="0" asserts="0">
              <properties />
              <test-case id="2952" name="AllSevenSkillsAndThreePotionsStayInside(640,360,0.5f)" fullname="Hellscript.Tests.GlobalHudTests.AllSevenSkillsAndThreePotionsStayInside(640,360,0.5f)" methodname="AllSevenSkillsAndThreePotionsStayInside" classname="Hellscript.Tests.GlobalHudTests" runstate="Runnable" seed="943586636" result="Passed" start-time="2026-09-20 10:02:05Z" end-time="2026-09-20 10:02:05Z" duration="0.005667" asserts="0">
                <properties>
                  <property name="retryIteration" value="0" />
                  <property name="repeatIteration" value="0" />
                </properties>
              </test-case>
              <test-case id="2953" name="AllSevenSkillsAndThreePotionsStayInside(640,360,1.5f)" fullname="Hellscript.Tests.GlobalHudTests.AllSevenSkillsAndThreePotionsStayInside(640,360,1.5f)" methodname="AllSevenSkillsAndThreePotionsStayInside" classname="Hellscript.Tests.GlobalHudTests" runstate="Runnable" seed="61638056" result="Passed" start-time="2026-09-20 10:02:05Z" end-time="2026-09-20 10:02:05Z" duration="0.000157" asserts="0">
                <properties>
                  <property name="retryIteration" value="0" />
                  <property name="repeatIteration" value="0" />
                </properties>
              </test-case>
              <test-case id="2954" name="AllSevenSkillsAndThreePotionsStayInside(360,640,1.5f)" fullname="Hellscript.Tests.GlobalHudTests.AllSevenSkillsAndThreePotionsStayInside(360,640,1.5f)" methodname="AllSevenSkillsAndThreePotionsStayInside" classname="Hellscript.Tests.GlobalHudTests" runstate="Runnable" seed="1428831046" result="Passed" start-time="2026-09-20 10:02:05Z" end-time="2026-09-20 10:02:05Z" duration="0.000233" asserts="0">
                <properties>
                  <property name="retryIteration" value="0" />
                  <property name="repeatIteration" value="0" />
                </properties>
              </test-case>
              <test-case id="2955" name="AllSevenSkillsAndThreePotionsStayInside(1200,900,1.5f)" fullname="Hellscript.Tests.GlobalHudTests.AllSevenSkillsAndThreePotionsStayInside(1200,900,1.5f)" methodname="AllSevenSkillsAndThreePotionsStayInside" classname="Hellscript.Tests.GlobalHudTests" runstate="Runnable" seed="754155879" result="Passed" start-time="2026-09-20 10:02:05Z" end-time="2026-09-20 10:02:05Z" duration="0.000145" asserts="0">
                <properties>
                  <property name="retryIteration" value="0" />
                  <property name="repeatIteration" value="0" />
                </properties>
              </test-case>
              <test-case id="2956" name="AllSevenSkillsAndThreePotionsStayInside(2000,900,1)" fullname="Hellscript.Tests.GlobalHudTests.AllSevenSkillsAndThreePotionsStayInside(2000,900,1)" methodname="AllSevenSkillsAndThreePotionsStayInside" classname="Hellscript.Tests.GlobalHudTests" runstate="Runnable" seed="509325296" result="Passed" start-time="2026-09-20 10:02:05Z" end-time="2026-09-20 10:02:05Z" duration="0.000108" asserts="0">
                <properties>
                  <property name="retryIteration" value="0" />
                  <property name="repeatIteration" value="0" />
                </properties>
              </test-case>
            </test-suite>
            <test-case id="2959" name="CooldownsRoundUpAndNeverFabricateReadyTime" fullname="Hellscript.Tests.GlobalHudTests.CooldownsRoundUpAndNeverFabricateReadyTime" methodname="CooldownsRoundUpAndNeverFabricateReadyTime" classname="Hellscript.Tests.GlobalHudTests" runstate="Runnable" seed="225504099" result="Passed" start-time="2026-09-20 10:02:05Z" end-time="2026-09-20 10:02:05Z" duration="0.000861" asserts="0">
              <properties>
                <property name="retryIteration" value="0" />
                <property name="repeatIteration" value="0" />
              </properties>
            </test-case>
            <test-case id="2949" name="EveryHudTextRowHoldsOneLineOfItsOwnFont" fullname="Hellscript.Tests.GlobalHudTests.EveryHudTextRowHoldsOneLineOfItsOwnFont" methodname="EveryHudTextRowHoldsOneLineOfItsOwnFont" classname="Hellscript.Tests.GlobalHudTests" runstate="Runnable" seed="1181939240" result="Passed" start-time="2026-09-20 10:02:05Z" end-time="2026-09-20 10:02:06Z" duration="0.122517" asserts="0">
              <properties>
                <property name="retryIteration" value="0" />
                <property name="repeatIteration" value="0" />
              </properties>
            </test-case>
            <test-case id="2958" name="FadesOnlyHiddenEdgesAndApproachesBoundaryContinuously" fullname="Hellscript.Tests.GlobalHudTests.FadesOnlyHiddenEdgesAndApproachesBoundaryContinuously" methodname="FadesOnlyHiddenEdgesAndApproachesBoundaryContinuously" classname="Hellscript.Tests.GlobalHudTests" runstate="Runnable" seed="148597750" result="Passed" start-time="2026-09-20 10:02:06Z" end-time="2026-09-20 10:02:06Z" duration="0.001185" asserts="0">
              <properties>
                <property name="retryIteration" value="0" />
                <property name="repeatIteration" value="0" />
              </properties>
            </test-case>
            <test-case id="2950" name="LandscapeLocksApprovedGeometry" fullname="Hellscript.Tests.GlobalHudTests.LandscapeLocksApprovedGeometry" methodname="LandscapeLocksApprovedGeometry" classname="Hellscript.Tests.GlobalHudTests" runstate="Runnable" seed="742840480" result="Passed" start-time="2026-09-20 10:02:06Z" end-time="2026-09-20 10:02:06Z" duration="0.001063" asserts="0">
              <properties>
                <property name="retryIteration" value="0" />
                <property name="repeatIteration" value="0" />
              </properties>
            </test-case>
            <test-case id="2951" name="PortraitKeepsSeparateRowsAndShortXp" fullname="Hellscript.Tests.GlobalHudTests.PortraitKeepsSeparateRowsAndShortXp" methodname="PortraitKeepsSeparateRowsAndShortXp" classname="Hellscript.Tests.GlobalHudTests" runstate="Runnable" seed="522810133" result="Passed" start-time="2026-09-20 10:02:06Z" end-time="2026-09-20 10:02:06Z" duration="0.000214" asserts="0">
              <properties>
                <property name="retryIteration" value="0" />
                <property name="repeatIteration" value="0" />
              </properties>
            </test-case>
          </test-suite>
          <test-suite type="TestFixture" id="3237" name="InterfaceScaleTests" fullname="Hellscript.Tests.InterfaceScaleTests" classname="Hellscript.Tests.InterfaceScaleTests" runstate="Runnable" testcasecount="26" result="Passed" start-time="2026-09-20 10:02:06Z" end-time="2026-09-20 10:02:06Z" duration="0.078940" total="26" passed="26" failed="0" inconclusive="0" skipped="0" asserts="0">
            <properties />
            <test-case id="3264" name="AFailedSaveKeepsTheChosenSizeOnScreenAndOffersARetry" fullname="Hellscript.Tests.InterfaceScaleTests.AFailedSaveKeepsTheChosenSizeOnScreenAndOffersARetry" methodname="AFailedSaveKeepsTheChosenSizeOnScreenAndOffersARetry" classname="Hellscript.Tests.InterfaceScaleTests" runstate="Runnable" seed="1197780094" result="Passed" start-time="2026-09-20 10:02:06Z" end-time="2026-09-20 10:02:06Z" duration="0.006040" asserts="0">
              <properties>
                <property name="retryIteration" value="0" />
                <property name="repeatIteration" value="0" />
              </properties>
            </test-case>
            <test-suite type="ParameterizedMethod" id="3245" name="AnUnknownSizeSnapsToTheNearestStep" fullname="Hellscript.Tests.InterfaceScaleTests.AnUnknownSizeSnapsToTheNearestStep" classname="Hellscript.Tests.InterfaceScaleTests" runstate="Runnable" testcasecount="6" result="Passed" start-time="2026-09-20 10:02:06Z" end-time="2026-09-20 10:02:06Z" duration="0.002166" total="6" passed="6" failed="0" inconclusive="0" skipped="0" asserts="0">
              <properties />
              <test-case id="3239" name="AnUnknownSizeSnapsToTheNearestStep(0,50)" fullname="Hellscript.Tests.InterfaceScaleTests.AnUnknownSizeSnapsToTheNearestStep(0,50)" methodname="AnUnknownSizeSnapsToTheNearestStep" classname="Hellscript.Tests.InterfaceScaleTests" runstate="Runnable" seed="1078642086" result="Passed" start-time="2026-09-20 10:02:06Z" end-time="2026-09-20 10:02:06Z" duration="0.000296" asserts="0">
                <properties>
                  <property name="retryIteration" value="0" />
                  <property name="repeatIteration" value="0" />
                </properties>
              </test-case>
              <test-case id="3240" name="AnUnknownSizeSnapsToTheNearestStep(90,90)" fullname="Hellscript.Tests.InterfaceScaleTests.AnUnknownSizeSnapsToTheNearestStep(90,90)" methodname="AnUnknownSizeSnapsToTheNearestStep" classname="Hellscript.Tests.InterfaceScaleTests" runstate="Runnable" seed="1889710960" result="Passed" start-time="2026-09-20 10:02:06Z" end-time="2026-09-20 10:02:06Z" duration="0.000080" asserts="0">
                <properties>
                  <property name="retryIteration" value="0" />
                  <property name="repeatIteration" value="0" />
                </properties>
              </test-case>
              <test-case id="3241" name="AnUnknownSizeSnapsToTheNearestStep(101,100)" fullname="Hellscript.Tests.InterfaceScaleTests.AnUnknownSizeSnapsToTheNearestStep(101,100)" methodname="AnUnknownSizeSnapsToTheNearestStep" classname="Hellscript.Tests.InterfaceScaleTests" runstate="Runnable" seed="1863400200" result="Passed" start-time="2026-09-20 10:02:06Z" end-time="2026-09-20 10:02:06Z" duration="0.000069" asserts="0">
                <properties>
                  <property name="retryIteration" value="0" />
                  <property name="repeatIteration" value="0" />
                </properties>
              </test-case>
              <test-case id="3242" name="AnUnknownSizeSnapsToTheNearestStep(118,120)" fullname="Hellscript.Tests.InterfaceScaleTests.AnUnknownSizeSnapsToTheNearestStep(118,120)" methodname="AnUnknownSizeSnapsToTheNearestStep" classname="Hellscript.Tests.InterfaceScaleTests" runstate="Runnable" seed="1853105230" result="Passed" start-time="2026-09-20 10:02:06Z" end-time="2026-09-20 10:02:06Z" duration="0.000077" asserts="0">
                <properties>
                  <property name="retryIteration" value="0" />
                  <property name="repeatIteration" value="0" />
                </properties>
              </test-case>
              <test-case id="3243" name="AnUnknownSizeSnapsToTheNearestStep(133,135)" fullname="Hellscript.Tests.InterfaceScaleTests.AnUnknownSizeSnapsToTheNearestStep(133,135)" methodname="AnUnknownSizeSnapsToTheNearestStep" classname="Hellscript.Tests.InterfaceScaleTests" runstate="Runnable" seed="149225113" result="Passed" start-time="2026-09-20 10:02:06Z" end-time="2026-09-20 10:02:06Z" duration="0.000066" asserts="0">
                <properties>
                  <property name="retryIteration" value="0" />
                  <property name="repeatIteration" value="0" />
                </properties>
              </test-case>
              <test-case id="3244" name="AnUnknownSizeSnapsToTheNearestStep(200,150)" fullname="Hellscript.Tests.InterfaceScaleTests.AnUnknownSizeSnapsToTheNearestStep(200,150)" methodname="AnUnknownSizeSnapsToTheNearestStep" classname="Hellscript.Tests.InterfaceScaleTests" runstate="Runnable" seed="1848844381" result="Passed" start-time="2026-09-20 10:02:06Z" end-time="2026-09-20 10:02:06Z" duration="0.000068" asserts="0">
                <properties>
                  <property name="retryIteration" value="0" />
                  <property name="repeatIteration" value="0" />
                </properties>
              </test-case>
            </test-suite>
            <test-suite type="ParameterizedMethod" id="3254" name="AppliedSizeSurvivesANewStoreAndLeavesAccountBytesAlone" fullname="Hellscript.Tests.InterfaceScaleTests.AppliedSizeSurvivesANewStoreAndLeavesAccountBytesAlone" classname="Hellscript.Tests.InterfaceScaleTests" runstate="Runnable" testcasecount="7" result="Passed" start-time="2026-09-20 10:02:06Z" end-time="2026-09-20 10:02:06Z" duration="0.025586" total="7" passed="7" failed="0" inconclusive="0" skipped="0" asserts="0">
              <properties />
              <test-case id="3247" name="AppliedSizeSurvivesANewStoreAndLeavesAccountBytesAlone(50)" fullname="Hellscript.Tests.InterfaceScaleTests.AppliedSizeSurvivesANewStoreAndLeavesAccountBytesAlone(50)" methodname="AppliedSizeSurvivesANewStoreAndLeavesAccountBytesAlone" classname="Hellscript.Tests.InterfaceScaleTests" runstate="Runnable" seed="903610259" result="Passed" start-time="2026-09-20 10:02:06Z" end-time="2026-09-20 10:02:06Z" duration="0.002093" asserts="0">
                <properties>
                  <property name="retryIteration" value="0" />
                  <property name="repeatIteration" value="0" />
                </properties>
              </test-case>
              <test-case id="3248" name="AppliedSizeSurvivesANewStoreAndLeavesAccountBytesAlone(95)" fullname="Hellscript.Tests.InterfaceScaleTests.AppliedSizeSurvivesANewStoreAndLeavesAccountBytesAlone(95)" methodname="AppliedSizeSurvivesANewStoreAndLeavesAccountBytesAlone" classname="Hellscript.Tests.InterfaceScaleTests" runstate="Runnable" seed="1229086972" result="Passed" start-time="2026-09-20 10:02:06Z" end-time="2026-09-20 10:02:06Z" duration="0.001870" asserts="0">
                <properties>
                  <property name="retryIteration" value="0" />
                  <property name="repeatIteration" value="0" />
                </properties>
              </test-case>
              <test-case id="3249" name="AppliedSizeSurvivesANewStoreAndLeavesAccountBytesAlone(100)" fullname="Hellscript.Tests.InterfaceScaleTests.AppliedSizeSurvivesANewStoreAndLeavesAccountBytesAlone(100)" methodname="AppliedSizeSurvivesANewStoreAndLeavesAccountBytesAlone" classname="Hellscript.Tests.InterfaceScaleTests" runstate="Runnable" seed="1931462989" result="Passed" start-time="2026-09-20 10:02:06Z" end-time="2026-09-20 10:02:06Z" duration="0.001765" asserts="0">
                <properties>
                  <property name="retryIteration" value="0" />
                  <property name="repeatIteration" value="0" />
                </properties>
              </test-case>
              <test-case id="3250" name="AppliedSizeSurvivesANewStoreAndLeavesAccountBytesAlone(115)" fullname="Hellscript.Tests.InterfaceScaleTests.AppliedSizeSurvivesANewStoreAndLeavesAccountBytesAlone(115)" methodname="AppliedSizeSurvivesANewStoreAndLeavesAccountBytesAlone" classname="Hellscript.Tests.InterfaceScaleTests" runstate="Runnable" seed="1701293557" result="Passed" start-time="2026-09-20 10:02:06Z" end-time="2026-09-20 10:02:06Z" duration="0.001759" asserts="0">
                <properties>
                  <property name="retryIteration" value="0" />
                  <property name="repeatIteration" value="0" />
                </properties>
              </test-case>
              <test-case id="3251" name="AppliedSizeSurvivesANewStoreAndLeavesAccountBytesAlone(130)" fullname="Hellscript.Tests.InterfaceScaleTests.AppliedSizeSurvivesANewStoreAndLeavesAccountBytesAlone(130)" methodname="AppliedSizeSurvivesANewStoreAndLeavesAccountBytesAlone" classname="Hellscript.Tests.InterfaceScaleTests" runstate="Runnable" seed="480894766" result="Passed" start-time="2026-09-20 10:02:06Z" end-time="2026-09-20 10:02:06Z" duration="0.012095" asserts="0">
                <properties>
                  <property name="retryIteration" value="0" />
                  <property name="repeatIteration" value="0" />
                </properties>
              </test-case>
              <test-case id="3252" name="AppliedSizeSurvivesANewStoreAndLeavesAccountBytesAlone(140)" fullname="Hellscript.Tests.InterfaceScaleTests.AppliedSizeSurvivesANewStoreAndLeavesAccountBytesAlone(140)" methodname="AppliedSizeSurvivesANewStoreAndLeavesAccountBytesAlone" classname="Hellscript.Tests.InterfaceScaleTests" runstate="Runnable" seed="447855999" result="Passed" start-time="2026-09-20 10:02:06Z" end-time="2026-09-20 10:02:06Z" duration="0.001790" asserts="0">
                <properties>
                  <property name="retryIteration" value="0" />
                  <property name="repeatIteration" value="0" />
                </properties>
              </test-case>
              <test-case id="3253" name="AppliedSizeSurvivesANewStoreAndLeavesAccountBytesAlone(150)" fullname="Hellscript.Tests.InterfaceScaleTests.AppliedSizeSurvivesANewStoreAndLeavesAccountBytesAlone(150)" methodname="AppliedSizeSurvivesANewStoreAndLeavesAccountBytesAlone" classname="Hellscript.Tests.InterfaceScaleTests" runstate="Runnable" seed="399577665" result="Passed" start-time="2026-09-20 10:02:06Z" end-time="2026-09-20 10:02:06Z" duration="0.001824" asserts="0">
                <properties>
                  <property name="retryIteration" value="0" />
                  <property name="repeatIteration" value="0" />
                </properties>
              </test-case>
            </test-suite>
            <test-case id="3266" name="ASessionStartedFromADamagedPreferenceStillWritesACleanValue" fullname="Hellscript.Tests.InterfaceScaleTests.ASessionStartedFromADamagedPreferenceStillWritesACleanValue" methodname="ASessionStartedFromADamagedPreferenceStillWritesACleanValue" classname="Hellscript.Tests.InterfaceScaleTests" runstate="Runnable" seed="370939677" result="Passed" start-time="2026-09-20 10:02:06Z" end-time="2026-09-20 10:02:06Z" duration="0.002414" asserts="0">
              <properties>
                <property name="retryIteration" value="0" />
                <property name="repeatIteration" value="0" />
              </properties>
            </test-case>
            <test-suite type="ParameterizedMethod" id="3261" name="InvalidPreferenceUsesTheDefaultWithoutOverwritingTheOriginal" fullname="Hellscript.Tests.InterfaceScaleTests.InvalidPreferenceUsesTheDefaultWithoutOverwritingTheOriginal" classname="Hellscript.Tests.InterfaceScaleTests" runstate="Runnable" testcasecount="5" result="Passed" start-time="2026-09-20 10:02:06Z" end-time="2026-09-20 10:02:06Z" duration="0.011935" total="5" passed="5" failed="0" inconclusive="0" skipped="0" asserts="0">
              <properties />
              <test-case id="3256" name="InvalidPreferenceUsesTheDefaultWithoutOverwritingTheOriginal(&quot;{}&quot;)" fullname="Hellscript.Tests.InterfaceScaleTests.InvalidPreferenceUsesTheDefaultWithoutOverwritingTheOriginal(&quot;{}&quot;)" methodname="InvalidPreferenceUsesTheDefaultWithoutOverwritingTheOriginal" classname="Hellscript.Tests.InterfaceScaleTests" runstate="Runnable" seed="1201483254" result="Passed" start-time="2026-09-20 10:02:06Z" end-time="2026-09-20 10:02:06Z" duration="0.001903" asserts="0">
                <properties>
                  <property name="retryIteration" value="0" />
                  <property name="repeatIteration" value="0" />
                </properties>
              </test-case>
              <test-case id="3257" name="InvalidPreferenceUsesTheDefaultWithoutOverwritingTheOriginal(&quot;{\&quot;version\&quot;:2,\&quot;percent\&quot;:100}&quot;)" fullname="Hellscript.Tests.InterfaceScaleTests.InvalidPreferenceUsesTheDefaultWithoutOverwritingTheOriginal(&quot;{\&quot;version\&quot;:2,\&quot;percent\&quot;:100}&quot;)" methodname="InvalidPreferenceUsesTheDefaultWithoutOverwritingTheOriginal" classname="Hellscript.Tests.InterfaceScaleTests" runstate="Runnable" seed="472525980" result="Passed" start-time="2026-09-20 10:02:06Z" end-time="2026-09-20 10:02:06Z" duration="0.001026" asserts="0">
                <properties>
                  <property name="retryIteration" value="0" />
                  <property name="repeatIteration" value="0" />
                </properties>
              </test-case>
              <test-case id="3258" name="InvalidPreferenceUsesTheDefaultWithoutOverwritingTheOriginal(&quot;{\&quot;version\&quot;:1,\&quot;percent\&quot;:200}&quot;)" fullname="Hellscript.Tests.InterfaceScaleTests.InvalidPreferenceUsesTheDefaultWithoutOverwritingTheOriginal(&quot;{\&quot;version\&quot;:1,\&quot;percent\&quot;:200}&quot;)" methodname="InvalidPreferenceUsesTheDefaultWithoutOverwritingTheOriginal" classname="Hellscript.Tests.InterfaceScaleTests" runstate="Runnable" seed="1395643998" result="Passed" start-time="2026-09-20 10:02:06Z" end-time="2026-09-20 10:02:06Z" duration="0.001002" asserts="0">
                <properties>
                  <property name="retryIteration" value="0" />
                  <property name="repeatIteration" value="0" />
                </properties>
              </test-case>
              <test-case id="3259" name="InvalidPreferenceUsesTheDefaultWithoutOverwritingTheOriginal(&quot;{\&quot;version\&quot;:1,\&quot;percent\&quot;:0}&quot;)" fullname="Hellscript.Tests.InterfaceScaleTests.InvalidPreferenceUsesTheDefaultWithoutOverwritingTheOriginal(&quot;{\&quot;version\&quot;:1,\&quot;percent\&quot;:0}&quot;)" methodname="InvalidPreferenceUsesTheDefaultWithoutOverwritingTheOriginal" classname="Hellscript.Tests.InterfaceScaleTests" runstate="Runnable" seed="352508940" result="Passed" start-time="2026-09-20 10:02:06Z" end-time="2026-09-20 10:02:06Z" duration="0.001120" asserts="0">
                <properties>
                  <property name="retryIteration" value="0" />
                  <property name="repeatIteration" value="0" />
                </properties>
              </test-case>
              <test-case id="3260" name="InvalidPreferenceUsesTheDefaultWithoutOverwritingTheOriginal(&quot;malformed&quot;)" fullname="Hellscript.Tests.InterfaceScaleTests.InvalidPreferenceUsesTheDefaultWithoutOverwritingTheOriginal(&quot;malformed&quot;)" methodname="InvalidPreferenceUsesTheDefaultWithoutOverwritingTheOriginal" classname="Hellscript.Tests.InterfaceScaleTests" runstate="Runnable" seed="18692284" result="Passed" start-time="2026-09-20 10:02:06Z" end-time="2026-09-20 10:02:06Z" duration="0.001341" asserts="0">
                <properties>
                  <property name="retryIteration" value="0" />
                  <property name="repeatIteration" value="0" />
                </properties>
              </test-case>
            </test-suite>
            <test-case id="3246" name="MissingPreferenceStartsAtTheDefaultWithoutCreatingFiles" fullname="Hellscript.Tests.InterfaceScaleTests.MissingPreferenceStartsAtTheDefaultWithoutCreatingFiles" methodname="MissingPreferenceStartsAtTheDefaultWithoutCreatingFiles" classname="Hellscript.Tests.InterfaceScaleTests" runstate="Runnable" seed="174275140" result="Passed" start-time="2026-09-20 10:02:06Z" end-time="2026-09-20 10:02:06Z" duration="0.000697" asserts="0">
              <properties>
                <property name="retryIteration" value="0" />
                <property name="repeatIteration" value="0" />
              </properties>
            </test-case>
            <test-case id="3262" name="OversizedPreferenceIsPreserved" fullname="Hellscript.Tests.InterfaceScaleTests.OversizedPreferenceIsPreserved" methodname="OversizedPreferenceIsPreserved" classname="Hellscript.Tests.InterfaceScaleTests" runstate="Runnable" seed="358540017" result="Passed" start-time="2026-09-20 10:02:06Z" end-time="2026-09-20 10:02:06Z" duration="0.002228" asserts="0">
              <properties>
                <property name="retryIteration" value="0" />
                <property name="repeatIteration" value="0" />
              </properties>
            </test-case>
            <test-case id="3265" name="RetryingAfterAFailedSaveStoresTheSizeThatIsAlreadyOnScreen" fullname="Hellscript.Tests.InterfaceScaleTests.RetryingAfterAFailedSaveStoresTheSizeThatIsAlreadyOnScreen" methodname="RetryingAfterAFailedSaveStoresTheSizeThatIsAlreadyOnScreen" classname="Hellscript.Tests.InterfaceScaleTests" runstate="Runnable" seed="986611835" result="Passed" start-time="2026-09-20 10:02:06Z" end-time="2026-09-20 10:02:06Z" duration="0.001638" asserts="0">
              <properties>
                <property name="retryIteration" value="0" />
                <property name="repeatIteration" value="0" />
              </properties>
            </test-case>
            <test-case id="3238" name="StepsCoverThePlannedRangeInOrder" fullname="Hellscript.Tests.InterfaceScaleTests.StepsCoverThePlannedRangeInOrder" methodname="StepsCoverThePlannedRangeInOrder" classname="Hellscript.Tests.InterfaceScaleTests" runstate="Runnable" seed="1498357854" result="Passed" start-time="2026-09-20 10:02:06Z" end-time="2026-09-20 10:02:06Z" duration="0.002719" asserts="0">
              <properties>
                <property name="retryIteration" value="0" />
                <property name="repeatIteration" value="0" />
              </properties>
            </test-case>
            <test-case id="3255" name="TheDisplayDirectionFileIsNotTouched" fullname="Hellscript.Tests.InterfaceScaleTests.TheDisplayDirectionFileIsNotTouched" methodname="TheDisplayDirectionFileIsNotTouched" classname="Hellscript.Tests.InterfaceScaleTests" runstate="Runnable" seed="1132797474" result="Passed" start-time="2026-09-20 10:02:06Z" end-time="2026-09-20 10:02:06Z" duration="0.003742" asserts="0">
              <properties>
                <property name="retryIteration" value="0" />
                <property name="repeatIteration" value="0" />
              </properties>
            </test-case>
            <test-case id="3263" name="WritingAValueOutsideTheStepsIsRejectedBeforeAnyFileIsCreated" fullname="Hellscript.Tests.InterfaceScaleTests.WritingAValueOutsideTheStepsIsRejectedBeforeAnyFileIsCreated" methodname="WritingAValueOutsideTheStepsIsRejectedBeforeAnyFileIsCreated" classname="Hellscript.Tests.InterfaceScaleTests" runstate="Runnable" seed="92384166" result="Passed" start-time="2026-09-20 10:02:06Z" end-time="2026-09-20 10:02:06Z" duration="0.000808" asserts="0">
              <properties>
                <property name="retryIteration" value="0" />
                <property name="repeatIteration" value="0" />
              </properties>
            </test-case>
          </test-suite>
          <test-suite type="TestFixture" id="4098" name="TownWalkTests" fullname="Hellscript.Tests.TownWalkTests" classname="Hellscript.Tests.TownWalkTests" runstate="Runnable" testcasecount="19" result="Passed" start-time="2026-09-20 10:02:06Z" end-time="2026-09-20 10:02:06Z" duration="0.033979" total="19" passed="19" failed="0" inconclusive="0" skipped="0" asserts="0">
            <properties />
            <test-case id="4109" name="ArrivalIsOneEventAndRequiresExplicitInteractionElsewhere" fullname="Hellscript.Tests.TownWalkTests.ArrivalIsOneEventAndRequiresExplicitInteractionElsewhere" methodname="ArrivalIsOneEventAndRequiresExplicitInteractionElsewhere" classname="Hellscript.Tests.TownWalkTests" runstate="Runnable" seed="409187808" result="Passed" start-time="2026-09-20 10:02:06Z" end-time="2026-09-20 10:02:06Z" duration="0.002984" asserts="0">
              <properties>
                <property name="retryIteration" value="0" />
                <property name="repeatIteration" value="0" />
              </properties>
            </test-case>
            <test-case id="4116" name="CameraCoordinatesRoundTripAndPortalIsRightOfCenter" fullname="Hellscript.Tests.TownWalkTests.CameraCoordinatesRoundTripAndPortalIsRightOfCenter" methodname="CameraCoordinatesRoundTripAndPortalIsRightOfCenter" classname="Hellscript.Tests.TownWalkTests" runstate="Runnable" seed="112193279" result="Passed" start-time="2026-09-20 10:02:06Z" end-time="2026-09-20 10:02:06Z" duration="0.000349" asserts="0">
              <properties>
                <property name="retryIteration" value="0" />
                <property name="repeatIteration" value="0" />
              </properties>
            </test-case>
            <test-case id="4112" name="EveryStationPairHasACollisionFreeRoute" fullname="Hellscript.Tests.TownWalkTests.EveryStationPairHasACollisionFreeRoute" methodname="EveryStationPairHasACollisionFreeRoute" classname="Hellscript.Tests.TownWalkTests" runstate="Runnable" seed="1693627543" result="Passed" start-time="2026-09-20 10:02:06Z" end-time="2026-09-20 10:02:06Z" duration="0.001916" asserts="0">
              <properties>
                <property name="retryIteration" value="0" />
                <property name="repeatIteration" value="0" />
              </properties>
            </test-case>
            <test-case id="4115" name="GroundRequestsInsideBuildingsAreRejected" fullname="Hellscript.Tests.TownWalkTests.GroundRequestsInsideBuildingsAreRejected" methodname="GroundRequestsInsideBuildingsAreRejected" classname="Hellscript.Tests.TownWalkTests" runstate="Runnable" seed="1147588466" result="Passed" start-time="2026-09-20 10:02:06Z" end-time="2026-09-20 10:02:06Z" duration="0.000215" asserts="0">
              <properties>
                <property name="retryIteration" value="0" />
                <property name="repeatIteration" value="0" />
              </properties>
            </test-case>
            <test-suite type="ParameterizedMethod" id="4106" name="JoystickScalesWithTheUsableScreenAboveTheHud" fullname="Hellscript.Tests.TownWalkTests.JoystickScalesWithTheUsableScreenAboveTheHud" classname="Hellscript.Tests.TownWalkTests" runstate="Runnable" testcasecount="6" result="Passed" start-time="2026-09-20 10:02:06Z" end-time="2026-09-20 10:02:06Z" duration="0.003313" total="6" passed="6" failed="0" inconclusive="0" skipped="0" asserts="0">
              <properties />
              <test-case id="4100" name="JoystickScalesWithTheUsableScreenAboveTheHud(1600,900)" fullname="Hellscript.Tests.TownWalkTests.JoystickScalesWithTheUsableScreenAboveTheHud(1600,900)" methodname="JoystickScalesWithTheUsableScreenAboveTheHud" classname="Hellscript.Tests.TownWalkTests" runstate="Runnable" seed="430927765" result="Passed" start-time="2026-09-20 10:02:06Z" end-time="2026-09-20 10:02:06Z" duration="0.000709" asserts="0">
                <properties>
                  <property name="retryIteration" value="0" />
                  <property name="repeatIteration" value="0" />
                </properties>
              </test-case>
              <test-case id="4101" name="JoystickScalesWithTheUsableScreenAboveTheHud(900,1600)" fullname="Hellscript.Tests.TownWalkTests.JoystickScalesWithTheUsableScreenAboveTheHud(900,1600)" methodname="JoystickScalesWithTheUsableScreenAboveTheHud" classname="Hellscript.Tests.TownWalkTests" runstate="Runnable" seed="1630504910" result="Passed" start-time="2026-09-20 10:02:06Z" end-time="2026-09-20 10:02:06Z" duration="0.000101" asserts="0">
                <properties>
                  <property name="retryIteration" value="0" />
                  <property name="repeatIteration" value="0" />
                </properties>
              </test-case>
              <test-case id="4102" name="JoystickScalesWithTheUsableScreenAboveTheHud(844,390)" fullname="Hellscript.Tests.TownWalkTests.JoystickScalesWithTheUsableScreenAboveTheHud(844,390)" methodname="JoystickScalesWithTheUsableScreenAboveTheHud" classname="Hellscript.Tests.TownWalkTests" runstate="Runnable" seed="1046491668" result="Passed" start-time="2026-09-20 10:02:06Z" end-time="2026-09-20 10:02:06Z" duration="0.000066" asserts="0">
                <properties>
                  <property name="retryIteration" value="0" />
                  <property name="repeatIteration" value="0" />
                </properties>
              </test-case>
              <test-case id="4103" name="JoystickScalesWithTheUsableScreenAboveTheHud(390,844)" fullname="Hellscript.Tests.TownWalkTests.JoystickScalesWithTheUsableScreenAboveTheHud(390,844)" methodname="JoystickScalesWithTheUsableScreenAboveTheHud" classname="Hellscript.Tests.TownWalkTests" runstate="Runnable" seed="1031272624" result="Passed" start-time="2026-09-20 10:02:06Z" end-time="2026-09-20 10:02:06Z" duration="0.000062" asserts="0">
                <properties>
                  <property name="retryIteration" value="0" />
                  <property name="repeatIteration" value="0" />
                </properties>
              </test-case>
              <test-case id="4104" name="JoystickScalesWithTheUsableScreenAboveTheHud(640,360)" fullname="Hellscript.Tests.TownWalkTests.JoystickScalesWithTheUsableScreenAboveTheHud(640,360)" methodname="JoystickScalesWithTheUsableScreenAboveTheHud" classname="Hellscript.Tests.TownWalkTests" runstate="Runnable" seed="1620902044" result="Passed" start-time="2026-09-20 10:02:06Z" end-time="2026-09-20 10:02:06Z" duration="0.000059" asserts="0">
                <properties>
                  <property name="retryIteration" value="0" />
                  <property name="repeatIteration" value="0" />
                </properties>
              </test-case>
              <test-case id="4105" name="JoystickScalesWithTheUsableScreenAboveTheHud(360,640)" fullname="Hellscript.Tests.TownWalkTests.JoystickScalesWithTheUsableScreenAboveTheHud(360,640)" methodname="JoystickScalesWithTheUsableScreenAboveTheHud" classname="Hellscript.Tests.TownWalkTests" runstate="Runnable" seed="2144357775" result="Passed" start-time="2026-09-20 10:02:06Z" end-time="2026-09-20 10:02:06Z" duration="0.000071" asserts="0">
                <properties>
                  <property name="retryIteration" value="0" />
                  <property name="repeatIteration" value="0" />
                </properties>
              </test-case>
            </test-suite>
            <test-case id="4099" name="JoystickUsesTheVisualCenterAndKeepsPointerOwnership" fullname="Hellscript.Tests.TownWalkTests.JoystickUsesTheVisualCenterAndKeepsPointerOwnership" methodname="JoystickUsesTheVisualCenterAndKeepsPointerOwnership" classname="Hellscript.Tests.TownWalkTests" runstate="Runnable" seed="1274599566" result="Passed" start-time="2026-09-20 10:02:06Z" end-time="2026-09-20 10:02:06Z" duration="0.003348" asserts="0">
              <properties>
                <property name="retryIteration" value="0" />
                <property name="repeatIteration" value="0" />
              </properties>
            </test-case>
            <test-case id="4108" name="MainRoadTakesTwentySecondsAndDiagonalInputCannotSpeedUp" fullname="Hellscript.Tests.TownWalkTests.MainRoadTakesTwentySecondsAndDiagonalInputCannotSpeedUp" methodname="MainRoadTakesTwentySecondsAndDiagonalInputCannotSpeedUp" classname="Hellscript.Tests.TownWalkTests" runstate="Runnable" seed="1890891444" result="Passed" start-time="2026-09-20 10:02:06Z" end-time="2026-09-20 10:02:06Z" duration="0.001100" asserts="0">
              <properties>
                <property name="retryIteration" value="0" />
                <property name="repeatIteration" value="0" />
              </properties>
            </test-case>
            <test-case id="4110" name="ManualInputCancelsThePreviousRouteAndArrival" fullname="Hellscript.Tests.TownWalkTests.ManualInputCancelsThePreviousRouteAndArrival" methodname="ManualInputCancelsThePreviousRouteAndArrival" classname="Hellscript.Tests.TownWalkTests" runstate="Runnable" seed="1853162871" result="Passed" start-time="2026-09-20 10:02:06Z" end-time="2026-09-20 10:02:06Z" duration="0.000219" asserts="0">
              <properties>
                <property name="retryIteration" value="0" />
                <property name="repeatIteration" value="0" />
              </properties>
            </test-case>
            <test-case id="4114" name="ManualMotionCannotTunnelThroughBuildingsOrLeaveTheMap" fullname="Hellscript.Tests.TownWalkTests.ManualMotionCannotTunnelThroughBuildingsOrLeaveTheMap" methodname="ManualMotionCannotTunnelThroughBuildingsOrLeaveTheMap" classname="Hellscript.Tests.TownWalkTests" runstate="Runnable" seed="157515673" result="Passed" start-time="2026-09-20 10:02:06Z" end-time="2026-09-20 10:02:06Z" duration="0.003202" asserts="0">
              <properties>
                <property name="retryIteration" value="0" />
                <property name="repeatIteration" value="0" />
              </properties>
            </test-case>
            <test-case id="4118" name="OcclusionOnlyFadesBuildingsBetweenTheCameraAndHero" fullname="Hellscript.Tests.TownWalkTests.OcclusionOnlyFadesBuildingsBetweenTheCameraAndHero" methodname="OcclusionOnlyFadesBuildingsBetweenTheCameraAndHero" classname="Hellscript.Tests.TownWalkTests" runstate="Runnable" seed="149459688" result="Passed" start-time="2026-09-20 10:02:06Z" end-time="2026-09-20 10:02:06Z" duration="0.000470" asserts="0">
              <properties>
                <property name="retryIteration" value="0" />
                <property name="repeatIteration" value="0" />
              </properties>
            </test-case>
            <test-case id="4111" name="ReplacingAndCancellingRequestsLeavesNoStaleInteraction" fullname="Hellscript.Tests.TownWalkTests.ReplacingAndCancellingRequestsLeavesNoStaleInteraction" methodname="ReplacingAndCancellingRequestsLeavesNoStaleInteraction" classname="Hellscript.Tests.TownWalkTests" runstate="Runnable" seed="1328812579" result="Passed" start-time="2026-09-20 10:02:06Z" end-time="2026-09-20 10:02:06Z" duration="0.000216" asserts="0">
              <properties>
                <property name="retryIteration" value="0" />
                <property name="repeatIteration" value="0" />
              </properties>
            </test-case>
            <test-case id="4107" name="ServicesAreDistinctReachableAndFaceTheCamera" fullname="Hellscript.Tests.TownWalkTests.ServicesAreDistinctReachableAndFaceTheCamera" methodname="ServicesAreDistinctReachableAndFaceTheCamera" classname="Hellscript.Tests.TownWalkTests" runstate="Runnable" seed="78843424" result="Passed" start-time="2026-09-20 10:02:06Z" end-time="2026-09-20 10:02:06Z" duration="0.001121" asserts="0">
              <properties>
                <property name="retryIteration" value="0" />
                <property name="repeatIteration" value="0" />
              </properties>
            </test-case>
            <test-case id="4117" name="TapSelectsNearestStationWithinRadius" fullname="Hellscript.Tests.TownWalkTests.TapSelectsNearestStationWithinRadius" methodname="TapSelectsNearestStationWithinRadius" classname="Hellscript.Tests.TownWalkTests" runstate="Runnable" seed="532859405" result="Passed" start-time="2026-09-20 10:02:06Z" end-time="2026-09-20 10:02:06Z" duration="0.000640" asserts="0">
              <properties>
                <property name="retryIteration" value="0" />
                <property name="repeatIteration" value="0" />
              </properties>
            </test-case>
            <test-case id="4113" name="WalkingBehindABuildingRoutesAroundItsFootprint" fullname="Hellscript.Tests.TownWalkTests.WalkingBehindABuildingRoutesAroundItsFootprint" methodname="WalkingBehindABuildingRoutesAroundItsFootprint" classname="Hellscript.Tests.TownWalkTests" runstate="Runnable" seed="604006952" result="Passed" start-time="2026-09-20 10:02:06Z" end-time="2026-09-20 10:02:06Z" duration="0.001309" asserts="0">
              <properties>
                <property name="retryIteration" value="0" />
                <property name="repeatIteration" value="0" />
              </properties>
              <output><![CDATA[Saving results to: /Users/t8g-2410-pn-005/Library/Application Support/DefaultCompany/HELLSCRIPT/TestResults.xml
]]></output>
            </test-case>
          </test-suite>
        </test-suite>
      </test-suite>
    </test-suite>
  </test-suite>
</test-run>