<?xml version="1.0" encoding="utf-8"?>
<test-run id="2" testcasecount="19" result="Passed" total="19" passed="19" failed="0" inconclusive="0" skipped="0" asserts="0" engine-version="3.5.0.0" clr-version="4.0.30319.42000" start-time="2026-09-14 05:39:42Z" end-time="2026-09-14 05:40:35Z" duration="52.6444196">
  <test-suite type="TestSuite" id="1000" name="HELLSCRIPT" fullname="HELLSCRIPT" runstate="Runnable" testcasecount="2561" result="Passed" start-time="2026-09-14 05:39:42Z" end-time="2026-09-14 05:40:35Z" duration="52.644420" total="19" passed="19" failed="0" inconclusive="0" skipped="0" asserts="0">
    <properties>
      <property name="platform" value="EditMode" />
    </properties>
    <test-suite type="Assembly" id="4002" name="Hellscript.Tests.dll" fullname="/private/tmp/hellscript-organic-rift-validation/Library/ScriptAssemblies/Hellscript.Tests.dll" runstate="Runnable" testcasecount="2561" result="Passed" start-time="2026-09-14 05:39:42Z" end-time="2026-09-14 05:40:35Z" duration="52.604377" total="19" passed="19" failed="0" inconclusive="0" skipped="0" asserts="0">
      <properties>
        <property name="_PID" value="45746" />
        <property name="_APPDOMAIN" value="Unity Child Domain" />
        <property name="platform" value="EditMode" />
        <property name="EditorOnly" value="True" />
      </properties>
      <test-suite type="TestSuite" id="4003" name="Hellscript" fullname="Hellscript" runstate="Runnable" testcasecount="2561" result="Passed" start-time="2026-09-14 05:39:42Z" end-time="2026-09-14 05:40:35Z" duration="52.575567" total="19" passed="19" failed="0" inconclusive="0" skipped="0" asserts="0">
        <properties />
        <test-suite type="TestSuite" id="4004" name="Tests" fullname="Hellscript.Tests" runstate="Runnable" testcasecount="2561" result="Passed" start-time="2026-09-14 05:39:42Z" end-time="2026-09-14 05:40:35Z" duration="52.546731" total="19" passed="19" failed="0" inconclusive="0" skipped="0" asserts="0">
          <properties />
          <test-suite type="TestFixture" id="3437" name="OrganicRiftTests" fullname="Hellscript.Tests.OrganicRiftTests" classname="Hellscript.Tests.OrganicRiftTests" runstate="Runnable" testcasecount="5" result="Passed" start-time="2026-09-14 05:39:42Z" end-time="2026-09-14 05:40:02Z" duration="19.530291" total="5" passed="5" failed="0" inconclusive="0" skipped="0" asserts="0">
            <properties />
            <test-case id="3438" name="DiagonalFloorDoesNotFillItsBoundingBox" fullname="Hellscript.Tests.OrganicRiftTests.DiagonalFloorDoesNotFillItsBoundingBox" methodname="DiagonalFloorDoesNotFillItsBoundingBox" classname="Hellscript.Tests.OrganicRiftTests" runstate="Runnable" seed="461570050" result="Passed" start-time="2026-09-14 05:39:42Z" end-time="2026-09-14 05:39:42Z" duration="0.012494" asserts="0">
              <properties>
                <property name="retryIteration" value="0" />
                <property name="repeatIteration" value="0" />
              </properties>
            </test-case>
            <test-case id="3442" name="GeneratedContoursRoundTripAndAllContentRemainsReachable" fullname="Hellscript.Tests.OrganicRiftTests.GeneratedContoursRoundTripAndAllContentRemainsReachable" methodname="GeneratedContoursRoundTripAndAllContentRemainsReachable" classname="Hellscript.Tests.OrganicRiftTests" runstate="Runnable" seed="1718495681" result="Passed" start-time="2026-09-14 05:39:42Z" end-time="2026-09-14 05:40:02Z" duration="19.504740" asserts="0">
              <properties>
                <property name="retryIteration" value="0" />
                <property name="repeatIteration" value="0" />
              </properties>
            </test-case>
            <test-case id="3440" name="OldSavedRectanglesKeepTheirOriginalFloor" fullname="Hellscript.Tests.OrganicRiftTests.OldSavedRectanglesKeepTheirOriginalFloor" methodname="OldSavedRectanglesKeepTheirOriginalFloor" classname="Hellscript.Tests.OrganicRiftTests" runstate="Runnable" seed="985199320" result="Passed" start-time="2026-09-14 05:40:02Z" end-time="2026-09-14 05:40:02Z" duration="0.000505" asserts="0">
              <properties>
                <property name="retryIteration" value="0" />
                <property name="repeatIteration" value="0" />
              </properties>
            </test-case>
            <test-case id="3439" name="SegmentCoverageRejectsThinGapsAndAcceptsTouchingPatches" fullname="Hellscript.Tests.OrganicRiftTests.SegmentCoverageRejectsThinGapsAndAcceptsTouchingPatches" methodname="SegmentCoverageRejectsThinGapsAndAcceptsTouchingPatches" classname="Hellscript.Tests.OrganicRiftTests" runstate="Runnable" seed="1944627908" result="Passed" start-time="2026-09-14 05:40:02Z" end-time="2026-09-14 05:40:02Z" duration="0.000180" asserts="0">
              <properties>
                <property name="retryIteration" value="0" />
                <property name="repeatIteration" value="0" />
              </properties>
            </test-case>
            <test-case id="3441" name="ShortStepsDoNotHitInvisibleSeamsInsideAConnectedRoom" fullname="Hellscript.Tests.OrganicRiftTests.ShortStepsDoNotHitInvisibleSeamsInsideAConnectedRoom" methodname="ShortStepsDoNotHitInvisibleSeamsInsideAConnectedRoom" classname="Hellscript.Tests.OrganicRiftTests" runstate="Runnable" seed="1675405273" result="Passed" start-time="2026-09-14 05:40:02Z" end-time="2026-09-14 05:40:02Z" duration="0.004880" asserts="0">
              <properties>
                <property name="retryIteration" value="0" />
                <property name="repeatIteration" value="0" />
              </properties>
            </test-case>
          </test-suite>
          <test-suite type="TestFixture" id="3667" name="RiftCirculationTests" fullname="Hellscript.Tests.RiftCirculationTests" classname="Hellscript.Tests.RiftCirculationTests" runstate="Runnable" testcasecount="5" result="Passed" start-time="2026-09-14 05:40:02Z" end-time="2026-09-14 05:40:02Z" duration="0.006874" total="5" passed="5" failed="0" inconclusive="0" skipped="0" asserts="0">
            <properties />
            <test-case id="3672" name="AlternativeEdgesAloneDoNotGuaranteeACompleteRoomTour" fullname="Hellscript.Tests.RiftCirculationTests.AlternativeEdgesAloneDoNotGuaranteeACompleteRoomTour" methodname="AlternativeEdgesAloneDoNotGuaranteeACompleteRoomTour" classname="Hellscript.Tests.RiftCirculationTests" runstate="Runnable" seed="504682681" result="Passed" start-time="2026-09-14 05:40:02Z" end-time="2026-09-14 05:40:02Z" duration="0.000687" asserts="0">
              <properties>
                <property name="retryIteration" value="0" />
                <property name="repeatIteration" value="0" />
              </properties>
            </test-case>
            <test-case id="3669" name="DeadEndRewardRoomIsRejected" fullname="Hellscript.Tests.RiftCirculationTests.DeadEndRewardRoomIsRejected" methodname="DeadEndRewardRoomIsRejected" classname="Hellscript.Tests.RiftCirculationTests" runstate="Runnable" seed="357004677" result="Passed" start-time="2026-09-14 05:40:02Z" end-time="2026-09-14 05:40:02Z" duration="0.000128" asserts="0">
              <properties>
                <property name="retryIteration" value="0" />
                <property name="repeatIteration" value="0" />
              </properties>
            </test-case>
            <test-case id="3668" name="RingWithCrossingAndCentralRoomHasACompleteTour" fullname="Hellscript.Tests.RiftCirculationTests.RingWithCrossingAndCentralRoomHasACompleteTour" methodname="RingWithCrossingAndCentralRoomHasACompleteTour" classname="Hellscript.Tests.RiftCirculationTests" runstate="Runnable" seed="367760623" result="Passed" start-time="2026-09-14 05:40:02Z" end-time="2026-09-14 05:40:02Z" duration="0.000749" asserts="0">
              <properties>
                <property name="retryIteration" value="0" />
                <property name="repeatIteration" value="0" />
              </properties>
            </test-case>
            <test-case id="3670" name="TwoLoopsJoinedByOneCorridorAreRejected" fullname="Hellscript.Tests.RiftCirculationTests.TwoLoopsJoinedByOneCorridorAreRejected" methodname="TwoLoopsJoinedByOneCorridorAreRejected" classname="Hellscript.Tests.RiftCirculationTests" runstate="Runnable" seed="139666869" result="Passed" start-time="2026-09-14 05:40:02Z" end-time="2026-09-14 05:40:02Z" duration="0.000078" asserts="0">
              <properties>
                <property name="retryIteration" value="0" />
                <property name="repeatIteration" value="0" />
              </properties>
            </test-case>
            <test-case id="3671" name="TwoLoopsSharingOnlyOneRoomAreRejected" fullname="Hellscript.Tests.RiftCirculationTests.TwoLoopsSharingOnlyOneRoomAreRejected" methodname="TwoLoopsSharingOnlyOneRoomAreRejected" classname="Hellscript.Tests.RiftCirculationTests" runstate="Runnable" seed="603621774" result="Passed" start-time="2026-09-14 05:40:02Z" end-time="2026-09-14 05:40:02Z" duration="0.000066" asserts="0">
              <properties>
                <property name="retryIteration" value="0" />
                <property name="repeatIteration" value="0" />
              </properties>
            </test-case>
          </test-suite>
          <test-suite type="TestFixture" id="3706" name="RiftTests" fullname="Hellscript.Tests.RiftTests" classname="Hellscript.Tests.RiftTests" runstate="Runnable" testcasecount="19" result="Passed" start-time="2026-09-14 05:40:02Z" end-time="2026-09-14 05:40:26Z" duration="24.297905" total="2" passed="2" failed="0" inconclusive="0" skipped="0" asserts="0">
            <properties />
            <test-case id="3707" name="AllSixFallbackLayoutsPassWithDifferentRewardSeeds" fullname="Hellscript.Tests.RiftTests.AllSixFallbackLayoutsPassWithDifferentRewardSeeds" methodname="AllSixFallbackLayoutsPassWithDifferentRewardSeeds" classname="Hellscript.Tests.RiftTests" runstate="Runnable" seed="1330291675" result="Passed" start-time="2026-09-14 05:40:02Z" end-time="2026-09-14 05:40:13Z" duration="10.641462" asserts="0">
              <properties>
                <property name="retryIteration" value="0" />
                <property name="repeatIteration" value="0" />
              </properties>
            </test-case>
            <test-case id="3717" name="EveryLayoutCirculatesThroughAllRoomsWithoutDeadEnds" fullname="Hellscript.Tests.RiftTests.EveryLayoutCirculatesThroughAllRoomsWithoutDeadEnds" methodname="EveryLayoutCirculatesThroughAllRoomsWithoutDeadEnds" classname="Hellscript.Tests.RiftTests" runstate="Runnable" seed="1165895482" result="Passed" start-time="2026-09-14 05:40:13Z" end-time="2026-09-14 05:40:26Z" duration="13.653443" asserts="0">
              <properties>
                <property name="retryIteration" value="0" />
                <property name="repeatIteration" value="0" />
              </properties>
            </test-case>
          </test-suite>
          <test-suite type="TestFixture" id="3727" name="RoamingBossTests" fullname="Hellscript.Tests.RoamingBossTests" classname="Hellscript.Tests.RoamingBossTests" runstate="Runnable" testcasecount="7" result="Passed" start-time="2026-09-14 05:40:26Z" end-time="2026-09-14 05:40:35Z" duration="8.547137" total="7" passed="7" failed="0" inconclusive="0" skipped="0" asserts="0">
            <properties />
            <test-suite type="ParameterizedMethod" id="3731" name="FinalMeterKillSpawnsOneNearbyBossWithoutAnArena" fullname="Hellscript.Tests.RoamingBossTests.FinalMeterKillSpawnsOneNearbyBossWithoutAnArena" classname="Hellscript.Tests.RoamingBossTests" runstate="Runnable" testcasecount="3" result="Passed" start-time="2026-09-14 05:40:26Z" end-time="2026-09-14 05:40:28Z" duration="1.414545" total="3" passed="3" failed="0" inconclusive="0" skipped="0" asserts="0">
              <properties />
              <test-case id="3728" name="FinalMeterKillSpawnsOneNearbyBossWithoutAnArena(1)" fullname="Hellscript.Tests.RoamingBossTests.FinalMeterKillSpawnsOneNearbyBossWithoutAnArena(1)" methodname="FinalMeterKillSpawnsOneNearbyBossWithoutAnArena" classname="Hellscript.Tests.RoamingBossTests" runstate="Runnable" seed="1558402604" result="Passed" start-time="2026-09-14 05:40:26Z" end-time="2026-09-14 05:40:27Z" duration="0.509927" asserts="0">
                <properties>
                  <property name="retryIteration" value="0" />
                  <property name="repeatIteration" value="0" />
                </properties>
              </test-case>
              <test-case id="3729" name="FinalMeterKillSpawnsOneNearbyBossWithoutAnArena(10)" fullname="Hellscript.Tests.RoamingBossTests.FinalMeterKillSpawnsOneNearbyBossWithoutAnArena(10)" methodname="FinalMeterKillSpawnsOneNearbyBossWithoutAnArena" classname="Hellscript.Tests.RoamingBossTests" runstate="Runnable" seed="1900219467" result="Passed" start-time="2026-09-14 05:40:27Z" end-time="2026-09-14 05:40:27Z" duration="0.443481" asserts="0">
                <properties>
                  <property name="retryIteration" value="0" />
                  <property name="repeatIteration" value="0" />
                </properties>
              </test-case>
              <test-case id="3730" name="FinalMeterKillSpawnsOneNearbyBossWithoutAnArena(30)" fullname="Hellscript.Tests.RoamingBossTests.FinalMeterKillSpawnsOneNearbyBossWithoutAnArena(30)" methodname="FinalMeterKillSpawnsOneNearbyBossWithoutAnArena" classname="Hellscript.Tests.RoamingBossTests" runstate="Runnable" seed="1278587914" result="Passed" start-time="2026-09-14 05:40:27Z" end-time="2026-09-14 05:40:28Z" duration="0.460055" asserts="0">
                <properties>
                  <property name="retryIteration" value="0" />
                  <property name="repeatIteration" value="0" />
                </properties>
              </test-case>
            </test-suite>
            <test-case id="3736" name="RoomsDoorsAndCrossingsAlwaysOfferNearbyConnectedSpawnSpace" fullname="Hellscript.Tests.RoamingBossTests.RoomsDoorsAndCrossingsAlwaysOfferNearbyConnectedSpawnSpace" methodname="RoomsDoorsAndCrossingsAlwaysOfferNearbyConnectedSpawnSpace" classname="Hellscript.Tests.RoamingBossTests" runstate="Runnable" seed="563128744" result="Passed" start-time="2026-09-14 05:40:28Z" end-time="2026-09-14 05:40:33Z" duration="5.599565" asserts="0">
              <properties>
                <property name="retryIteration" value="0" />
                <property name="repeatIteration" value="0" />
              </properties>
            </test-case>
            <test-suite type="ParameterizedMethod" id="3735" name="SaveBeforeOrAfterSummoningNeverDuplicatesOrRelocatesTheBoss" fullname="Hellscript.Tests.RoamingBossTests.SaveBeforeOrAfterSummoningNeverDuplicatesOrRelocatesTheBoss" classname="Hellscript.Tests.RoamingBossTests" runstate="Runnable" testcasecount="2" result="Passed" start-time="2026-09-14 05:40:33Z" end-time="2026-09-14 05:40:34Z" duration="1.033881" total="2" passed="2" failed="0" inconclusive="0" skipped="0" asserts="0">
              <properties />
              <test-case id="3733" name="SaveBeforeOrAfterSummoningNeverDuplicatesOrRelocatesTheBoss(False)" fullname="Hellscript.Tests.RoamingBossTests.SaveBeforeOrAfterSummoningNeverDuplicatesOrRelocatesTheBoss(False)" methodname="SaveBeforeOrAfterSummoningNeverDuplicatesOrRelocatesTheBoss" classname="Hellscript.Tests.RoamingBossTests" runstate="Runnable" seed="1451620476" result="Passed" start-time="2026-09-14 05:40:33Z" end-time="2026-09-14 05:40:34Z" duration="0.514313" asserts="0">
                <properties>
                  <property name="retryIteration" value="0" />
                  <property name="repeatIteration" value="0" />
                </properties>
              </test-case>
              <test-case id="3734" name="SaveBeforeOrAfterSummoningNeverDuplicatesOrRelocatesTheBoss(True)" fullname="Hellscript.Tests.RoamingBossTests.SaveBeforeOrAfterSummoningNeverDuplicatesOrRelocatesTheBoss(True)" methodname="SaveBeforeOrAfterSummoningNeverDuplicatesOrRelocatesTheBoss" classname="Hellscript.Tests.RoamingBossTests" runstate="Runnable" seed="579973563" result="Passed" start-time="2026-09-14 05:40:34Z" end-time="2026-09-14 05:40:34Z" duration="0.518468" asserts="0">
                <properties>
                  <property name="retryIteration" value="0" />
                  <property name="repeatIteration" value="0" />
                </properties>
              </test-case>
            </test-suite>
            <test-case id="3732" name="TemporaryCrowdingRetriesWithoutFaultingOrSpawningInsideDanger" fullname="Hellscript.Tests.RoamingBossTests.TemporaryCrowdingRetriesWithoutFaultingOrSpawningInsideDanger" methodname="TemporaryCrowdingRetriesWithoutFaultingOrSpawningInsideDanger" classname="Hellscript.Tests.RoamingBossTests" runstate="Runnable" seed="1804725031" result="Passed" start-time="2026-09-14 05:40:34Z" end-time="2026-09-14 05:40:35Z" duration="0.496253" asserts="0">
              <properties>
                <property name="retryIteration" value="0" />
                <property name="repeatIteration" value="0" />
              </properties>
              <output><![CDATA[Saving results to: /Users/t8g-2410-pn-005/Library/Application Support/DefaultCompany/HELLSCRIPT/TestResults.xml
]]></output>
            </test-case>
          </test-suite>
        </test-suite>
      </test-suite>
    </test-suite>
  </test-suite>
</test-run>