<?xml version="1.0" encoding="utf-8"?>
<test-run id="2" testcasecount="1" result="Passed" total="1" passed="1" failed="0" inconclusive="0" skipped="0" asserts="0" engine-version="3.5.0.0" clr-version="4.0.30319.42000" start-time="2026-09-14 05:42:35Z" end-time="2026-09-14 05:43:22Z" duration="47.4217251">
  <test-suite type="TestSuite" id="1000" name="HELLSCRIPT" fullname="HELLSCRIPT" runstate="Runnable" testcasecount="2597" result="Passed" start-time="2026-09-14 05:42:35Z" end-time="2026-09-14 05:43:22Z" duration="47.421725" total="1" passed="1" failed="0" inconclusive="0" skipped="0" asserts="0">
    <properties>
      <property name="platform" value="EditMode" />
    </properties>
    <test-suite type="Assembly" id="4045" name="Hellscript.Tests.dll" fullname="/private/tmp/hellscript-organic-rift-validation/Library/ScriptAssemblies/Hellscript.Tests.dll" runstate="Runnable" testcasecount="2597" result="Passed" start-time="2026-09-14 05:42:35Z" end-time="2026-09-14 05:43:22Z" duration="47.376850" total="1" passed="1" failed="0" inconclusive="0" skipped="0" asserts="0">
      <properties>
        <property name="_PID" value="46976" />
        <property name="_APPDOMAIN" value="Unity Child Domain" />
        <property name="platform" value="EditMode" />
        <property name="EditorOnly" value="True" />
      </properties>
      <test-suite type="TestSuite" id="4046" name="Hellscript" fullname="Hellscript" runstate="Runnable" testcasecount="2597" result="Passed" start-time="2026-09-14 05:42:35Z" end-time="2026-09-14 05:43:22Z" duration="47.334425" total="1" passed="1" failed="0" inconclusive="0" skipped="0" asserts="0">
        <properties />
        <test-suite type="TestSuite" id="4047" name="Tests" fullname="Hellscript.Tests" runstate="Runnable" testcasecount="2597" result="Passed" start-time="2026-09-14 05:42:35Z" end-time="2026-09-14 05:43:22Z" duration="47.285117" total="1" passed="1" failed="0" inconclusive="0" skipped="0" asserts="0">
          <properties />
          <test-suite type="TestFixture" id="3709" name="RiftTests" fullname="Hellscript.Tests.RiftTests" classname="Hellscript.Tests.RiftTests" runstate="Runnable" testcasecount="19" result="Passed" start-time="2026-09-14 05:42:35Z" end-time="2026-09-14 05:43:22Z" duration="47.243163" total="1" passed="1" failed="0" inconclusive="0" skipped="0" asserts="0">
            <properties />
            <test-case id="3718" name="SixBuildsTraverseGeneratedMapsWithoutInvalidPositions" fullname="Hellscript.Tests.RiftTests.SixBuildsTraverseGeneratedMapsWithoutInvalidPositions" methodname="SixBuildsTraverseGeneratedMapsWithoutInvalidPositions" classname="Hellscript.Tests.RiftTests" runstate="Runnable" seed="625196766" result="Passed" start-time="2026-09-14 05:42:35Z" end-time="2026-09-14 05:43:22Z" duration="47.234411" asserts="0">
              <properties>
                <property name="retryIteration" value="0" />
                <property name="repeatIteration" value="0" />
              </properties>
              <output><![CDATA[RIFT_BUILD class=0 build=0 phase=Cleared visited=5 kills=84 meter=107 time=221.7589 chests=3
RIFT_BUILD class=0 build=1 phase=Cleared visited=6 kills=88 meter=111 time=249.5606 chests=5
RIFT_BUILD class=1 build=0 phase=Cleared visited=6 kills=79 meter=102 time=300.0003 chests=4
RIFT_BUILD class=1 build=1 phase=Cleared visited=5 kills=80 meter=103 time=258.2105 chests=3
RIFT_BUILD class=2 build=0 phase=Failed visited=5 kills=76 meter=100 time=300.0003 chests=4
RIFT_BUILD class=2 build=1 phase=Failed visited=5 kills=73 meter=97 time=300.0003 chests=3
Saving results to: /Users/t8g-2410-pn-005/Library/Application Support/DefaultCompany/HELLSCRIPT/TestResults.xml
]]></output>
            </test-case>
          </test-suite>
        </test-suite>
      </test-suite>
    </test-suite>
  </test-suite>
</test-run>