<?xml version="1.0" encoding="utf-8"?>
<test-run id="2" testcasecount="33" result="Passed" total="33" passed="33" failed="0" inconclusive="0" skipped="0" asserts="0" engine-version="3.5.0.0" clr-version="4.0.30319.42000" start-time="2026-09-14 05:51:22Z" end-time="2026-09-14 05:51:23Z" duration="0.7418057">
  <test-suite type="TestSuite" id="1000" name="HELLSCRIPT" fullname="HELLSCRIPT" runstate="Runnable" testcasecount="2597" result="Passed" start-time="2026-09-14 05:51:22Z" end-time="2026-09-14 05:51:23Z" duration="0.741806" total="33" passed="33" failed="0" inconclusive="0" skipped="0" asserts="0">
    <properties>
      <property name="platform" value="EditMode" />
    </properties>
    <test-suite type="Assembly" id="4045" name="Hellscript.Tests.dll" fullname="/private/tmp/hellscript-organic-rift-validation/Library/ScriptAssemblies/Hellscript.Tests.dll" runstate="Runnable" testcasecount="2597" result="Passed" start-time="2026-09-14 05:51:22Z" end-time="2026-09-14 05:51:23Z" duration="0.625145" total="33" passed="33" failed="0" inconclusive="0" skipped="0" asserts="0">
      <properties>
        <property name="_PID" value="53127" />
        <property name="_APPDOMAIN" value="Unity Child Domain" />
        <property name="platform" value="EditMode" />
        <property name="EditorOnly" value="True" />
      </properties>
      <test-suite type="TestSuite" id="4046" name="Hellscript" fullname="Hellscript" runstate="Runnable" testcasecount="2597" result="Passed" start-time="2026-09-14 05:51:22Z" end-time="2026-09-14 05:51:23Z" duration="0.564387" total="33" passed="33" failed="0" inconclusive="0" skipped="0" asserts="0">
        <properties />
        <test-suite type="TestSuite" id="4047" name="Tests" fullname="Hellscript.Tests" runstate="Runnable" testcasecount="2597" result="Passed" start-time="2026-09-14 05:51:23Z" end-time="2026-09-14 05:51:23Z" duration="0.493319" total="33" passed="33" failed="0" inconclusive="0" skipped="0" asserts="0">
          <properties />
          <test-suite type="TestFixture" id="3371" name="LocalizationTests" fullname="Hellscript.Tests.LocalizationTests" classname="Hellscript.Tests.LocalizationTests" runstate="Runnable" testcasecount="33" result="Passed" start-time="2026-09-14 05:51:23Z" end-time="2026-09-14 05:51:23Z" duration="0.435882" total="33" passed="33" failed="0" inconclusive="0" skipped="0" asserts="0">
            <properties />
            <test-case id="3388" name="AChosenLanguageSurvivesANewStoreAndLeavesTheOtherSettingsAlone" fullname="Hellscript.Tests.LocalizationTests.AChosenLanguageSurvivesANewStoreAndLeavesTheOtherSettingsAlone" methodname="AChosenLanguageSurvivesANewStoreAndLeavesTheOtherSettingsAlone" classname="Hellscript.Tests.LocalizationTests" runstate="Runnable" seed="1425596045" result="Passed" start-time="2026-09-14 05:51:23Z" end-time="2026-09-14 05:51:23Z" duration="0.034125" asserts="0">
              <properties>
                <property name="retryIteration" value="0" />
                <property name="repeatIteration" value="0" />
              </properties>
            </test-case>
            <test-case id="3397" name="AFailedSaveKeepsTheChoiceOnScreenAndAllowsOneRetry" fullname="Hellscript.Tests.LocalizationTests.AFailedSaveKeepsTheChoiceOnScreenAndAllowsOneRetry" methodname="AFailedSaveKeepsTheChoiceOnScreenAndAllowsOneRetry" classname="Hellscript.Tests.LocalizationTests" runstate="Runnable" seed="289660458" result="Passed" start-time="2026-09-14 05:51:23Z" end-time="2026-09-14 05:51:23Z" duration="0.001067" asserts="0">
              <properties>
                <property name="retryIteration" value="0" />
                <property name="repeatIteration" value="0" />
              </properties>
            </test-case>
            <test-case id="3398" name="ALanguageWhoseTableIsMissingStillAppliesAndSaysSo" fullname="Hellscript.Tests.LocalizationTests.ALanguageWhoseTableIsMissingStillAppliesAndSaysSo" methodname="ALanguageWhoseTableIsMissingStillAppliesAndSaysSo" classname="Hellscript.Tests.LocalizationTests" runstate="Runnable" seed="515776067" result="Passed" start-time="2026-09-14 05:51:23Z" end-time="2026-09-14 05:51:23Z" duration="0.001055" asserts="0">
              <properties>
                <property name="retryIteration" value="0" />
                <property name="repeatIteration" value="0" />
              </properties>
            </test-case>
            <test-case id="3399" name="ALoaderThatThrowsDoesNotStopTheLanguageFromApplying" fullname="Hellscript.Tests.LocalizationTests.ALoaderThatThrowsDoesNotStopTheLanguageFromApplying" methodname="ALoaderThatThrowsDoesNotStopTheLanguageFromApplying" classname="Hellscript.Tests.LocalizationTests" runstate="Runnable" seed="2102605597" result="Passed" start-time="2026-09-14 05:51:23Z" end-time="2026-09-14 05:51:23Z" duration="0.000259" asserts="0">
              <properties>
                <property name="retryIteration" value="0" />
                <property name="repeatIteration" value="0" />
              </properties>
            </test-case>
            <test-case id="3382" name="AMissingEntryKeepsTheSourceAndIsRecordedOnce" fullname="Hellscript.Tests.LocalizationTests.AMissingEntryKeepsTheSourceAndIsRecordedOnce" methodname="AMissingEntryKeepsTheSourceAndIsRecordedOnce" classname="Hellscript.Tests.LocalizationTests" runstate="Runnable" seed="1113731689" result="Passed" start-time="2026-09-14 05:51:23Z" end-time="2026-09-14 05:51:23Z" duration="0.000936" asserts="0">
              <properties>
                <property name="retryIteration" value="0" />
                <property name="repeatIteration" value="0" />
              </properties>
            </test-case>
            <test-suite type="ParameterizedMethod" id="3378" name="AnUnknownCodeBecomesTheDefault" fullname="Hellscript.Tests.LocalizationTests.AnUnknownCodeBecomesTheDefault" classname="Hellscript.Tests.LocalizationTests" runstate="Runnable" testcasecount="5" result="Passed" start-time="2026-09-14 05:51:23Z" end-time="2026-09-14 05:51:23Z" duration="0.004524" total="5" passed="5" failed="0" inconclusive="0" skipped="0" asserts="0">
              <properties />
              <test-case id="3373" name="AnUnknownCodeBecomesTheDefault(null)" fullname="Hellscript.Tests.LocalizationTests.AnUnknownCodeBecomesTheDefault(null)" methodname="AnUnknownCodeBecomesTheDefault" classname="Hellscript.Tests.LocalizationTests" runstate="Runnable" seed="628253344" result="Passed" start-time="2026-09-14 05:51:23Z" end-time="2026-09-14 05:51:23Z" duration="0.000344" asserts="0">
                <properties>
                  <property name="retryIteration" value="0" />
                  <property name="repeatIteration" value="0" />
                </properties>
              </test-case>
              <test-case id="3374" name="AnUnknownCodeBecomesTheDefault(&quot;&quot;)" fullname="Hellscript.Tests.LocalizationTests.AnUnknownCodeBecomesTheDefault(&quot;&quot;)" methodname="AnUnknownCodeBecomesTheDefault" classname="Hellscript.Tests.LocalizationTests" runstate="Runnable" seed="448091598" result="Passed" start-time="2026-09-14 05:51:23Z" end-time="2026-09-14 05:51:23Z" duration="0.000166" asserts="0">
                <properties>
                  <property name="retryIteration" value="0" />
                  <property name="repeatIteration" value="0" />
                </properties>
              </test-case>
              <test-case id="3375" name="AnUnknownCodeBecomesTheDefault(&quot;jp&quot;)" fullname="Hellscript.Tests.LocalizationTests.AnUnknownCodeBecomesTheDefault(&quot;jp&quot;)" methodname="AnUnknownCodeBecomesTheDefault" classname="Hellscript.Tests.LocalizationTests" runstate="Runnable" seed="668159595" result="Passed" start-time="2026-09-14 05:51:23Z" end-time="2026-09-14 05:51:23Z" duration="0.000151" asserts="0">
                <properties>
                  <property name="retryIteration" value="0" />
                  <property name="repeatIteration" value="0" />
                </properties>
              </test-case>
              <test-case id="3376" name="AnUnknownCodeBecomesTheDefault(&quot;KO&quot;)" fullname="Hellscript.Tests.LocalizationTests.AnUnknownCodeBecomesTheDefault(&quot;KO&quot;)" methodname="AnUnknownCodeBecomesTheDefault" classname="Hellscript.Tests.LocalizationTests" runstate="Runnable" seed="2064642324" result="Passed" start-time="2026-09-14 05:51:23Z" end-time="2026-09-14 05:51:23Z" duration="0.000182" asserts="0">
                <properties>
                  <property name="retryIteration" value="0" />
                  <property name="repeatIteration" value="0" />
                </properties>
              </test-case>
              <test-case id="3377" name="AnUnknownCodeBecomesTheDefault(&quot;en-GB&quot;)" fullname="Hellscript.Tests.LocalizationTests.AnUnknownCodeBecomesTheDefault(&quot;en-GB&quot;)" methodname="AnUnknownCodeBecomesTheDefault" classname="Hellscript.Tests.LocalizationTests" runstate="Runnable" seed="271780864" result="Passed" start-time="2026-09-14 05:51:23Z" end-time="2026-09-14 05:51:23Z" duration="0.000172" asserts="0">
                <properties>
                  <property name="retryIteration" value="0" />
                  <property name="repeatIteration" value="0" />
                </properties>
              </test-case>
            </test-suite>
            <test-case id="3384" name="ATranslationThatLostAPlaceholderFallsBackToTheSourceLine" fullname="Hellscript.Tests.LocalizationTests.ATranslationThatLostAPlaceholderFallsBackToTheSourceLine" methodname="ATranslationThatLostAPlaceholderFallsBackToTheSourceLine" classname="Hellscript.Tests.LocalizationTests" runstate="Runnable" seed="1694449543" result="Passed" start-time="2026-09-14 05:51:23Z" end-time="2026-09-14 05:51:23Z" duration="0.000539" asserts="0">
              <properties>
                <property name="retryIteration" value="0" />
                <property name="repeatIteration" value="0" />
              </properties>
            </test-case>
            <test-case id="3379" name="EscapesSurviveAWriteAndReadOfTheSameLine" fullname="Hellscript.Tests.LocalizationTests.EscapesSurviveAWriteAndReadOfTheSameLine" methodname="EscapesSurviveAWriteAndReadOfTheSameLine" classname="Hellscript.Tests.LocalizationTests" runstate="Runnable" seed="651227011" result="Passed" start-time="2026-09-14 05:51:23Z" end-time="2026-09-14 05:51:23Z" duration="0.001565" asserts="0">
              <properties>
                <property name="retryIteration" value="0" />
                <property name="repeatIteration" value="0" />
              </properties>
            </test-case>
            <test-case id="3403" name="EveryEnglishEntryLeavesNoKoreanBehindAndKeepsItsPlaceholders" fullname="Hellscript.Tests.LocalizationTests.EveryEnglishEntryLeavesNoKoreanBehindAndKeepsItsPlaceholders" methodname="EveryEnglishEntryLeavesNoKoreanBehindAndKeepsItsPlaceholders" classname="Hellscript.Tests.LocalizationTests" runstate="Runnable" seed="309881229" result="Passed" start-time="2026-09-14 05:51:23Z" end-time="2026-09-14 05:51:23Z" duration="0.061024" asserts="0">
              <properties>
                <property name="retryIteration" value="0" />
                <property name="repeatIteration" value="0" />
              </properties>
            </test-case>
            <test-case id="3406" name="EveryKoreanLiteralInTheRuntimeHasAnEntry" fullname="Hellscript.Tests.LocalizationTests.EveryKoreanLiteralInTheRuntimeHasAnEntry" methodname="EveryKoreanLiteralInTheRuntimeHasAnEntry" classname="Hellscript.Tests.LocalizationTests" runstate="Runnable" seed="225659719" result="Passed" start-time="2026-09-14 05:51:23Z" end-time="2026-09-14 05:51:23Z" duration="0.145172" asserts="0">
              <properties>
                <property name="retryIteration" value="0" />
                <property name="repeatIteration" value="0" />
              </properties>
            </test-case>
            <test-case id="3401" name="EveryLanguageThatNeedsATableShipsOne" fullname="Hellscript.Tests.LocalizationTests.EveryLanguageThatNeedsATableShipsOne" methodname="EveryLanguageThatNeedsATableShipsOne" classname="Hellscript.Tests.LocalizationTests" runstate="Runnable" seed="424794700" result="Passed" start-time="2026-09-14 05:51:23Z" end-time="2026-09-14 05:51:23Z" duration="0.000473" asserts="0">
              <properties>
                <property name="retryIteration" value="0" />
                <property name="repeatIteration" value="0" />
              </properties>
            </test-case>
            <test-case id="3383" name="FormatSpecifiersAndEscapedBracesSurviveTranslation" fullname="Hellscript.Tests.LocalizationTests.FormatSpecifiersAndEscapedBracesSurviveTranslation" methodname="FormatSpecifiersAndEscapedBracesSurviveTranslation" classname="Hellscript.Tests.LocalizationTests" runstate="Runnable" seed="2024180530" result="Passed" start-time="2026-09-14 05:51:23Z" end-time="2026-09-14 05:51:23Z" duration="0.000166" asserts="0">
              <properties>
                <property name="retryIteration" value="0" />
                <property name="repeatIteration" value="0" />
              </properties>
            </test-case>
            <test-suite type="ParameterizedMethod" id="3394" name="InvalidPreferenceUsesTheDefaultWithoutOverwritingTheOriginal" fullname="Hellscript.Tests.LocalizationTests.InvalidPreferenceUsesTheDefaultWithoutOverwritingTheOriginal" classname="Hellscript.Tests.LocalizationTests" runstate="Runnable" testcasecount="5" result="Passed" start-time="2026-09-14 05:51:23Z" end-time="2026-09-14 05:51:23Z" duration="0.037749" total="5" passed="5" failed="0" inconclusive="0" skipped="0" asserts="0">
              <properties />
              <test-case id="3389" name="InvalidPreferenceUsesTheDefaultWithoutOverwritingTheOriginal(&quot;{}&quot;)" fullname="Hellscript.Tests.LocalizationTests.InvalidPreferenceUsesTheDefaultWithoutOverwritingTheOriginal(&quot;{}&quot;)" methodname="InvalidPreferenceUsesTheDefaultWithoutOverwritingTheOriginal" classname="Hellscript.Tests.LocalizationTests" runstate="Runnable" seed="1981056293" result="Passed" start-time="2026-09-14 05:51:23Z" end-time="2026-09-14 05:51:23Z" duration="0.001366" asserts="0">
                <properties>
                  <property name="retryIteration" value="0" />
                  <property name="repeatIteration" value="0" />
                </properties>
              </test-case>
              <test-case id="3390" name="InvalidPreferenceUsesTheDefaultWithoutOverwritingTheOriginal(&quot;{\&quot;version\&quot;:2,\&quot;language\&quot;:\&quot;en\&quot;}&quot;)" fullname="Hellscript.Tests.LocalizationTests.InvalidPreferenceUsesTheDefaultWithoutOverwritingTheOriginal(&quot;{\&quot;version\&quot;:2,\&quot;language\&quot;:\&quot;en\&quot;}&quot;)" methodname="InvalidPreferenceUsesTheDefaultWithoutOverwritingTheOriginal" classname="Hellscript.Tests.LocalizationTests" runstate="Runnable" seed="1888299603" result="Passed" start-time="2026-09-14 05:51:23Z" end-time="2026-09-14 05:51:23Z" duration="0.011215" asserts="0">
                <properties>
                  <property name="retryIteration" value="0" />
                  <property name="repeatIteration" value="0" />
                </properties>
              </test-case>
              <test-case id="3391" name="InvalidPreferenceUsesTheDefaultWithoutOverwritingTheOriginal(&quot;{\&quot;version\&quot;:1,\&quot;language\&quot;:\&quot;jp\&quot;}&quot;)" fullname="Hellscript.Tests.LocalizationTests.InvalidPreferenceUsesTheDefaultWithoutOverwritingTheOriginal(&quot;{\&quot;version\&quot;:1,\&quot;language\&quot;:\&quot;jp\&quot;}&quot;)" methodname="InvalidPreferenceUsesTheDefaultWithoutOverwritingTheOriginal" classname="Hellscript.Tests.LocalizationTests" runstate="Runnable" seed="681669644" result="Passed" start-time="2026-09-14 05:51:23Z" end-time="2026-09-14 05:51:23Z" duration="0.001418" asserts="0">
                <properties>
                  <property name="retryIteration" value="0" />
                  <property name="repeatIteration" value="0" />
                </properties>
              </test-case>
              <test-case id="3392" name="InvalidPreferenceUsesTheDefaultWithoutOverwritingTheOriginal(&quot;{\&quot;version\&quot;:1,\&quot;language\&quot;:\&quot;\&quot;}&quot;)" fullname="Hellscript.Tests.LocalizationTests.InvalidPreferenceUsesTheDefaultWithoutOverwritingTheOriginal(&quot;{\&quot;version\&quot;:1,\&quot;language\&quot;:\&quot;\&quot;}&quot;)" methodname="InvalidPreferenceUsesTheDefaultWithoutOverwritingTheOriginal" classname="Hellscript.Tests.LocalizationTests" runstate="Runnable" seed="1963982403" result="Passed" start-time="2026-09-14 05:51:23Z" end-time="2026-09-14 05:51:23Z" duration="0.001235" asserts="0">
                <properties>
                  <property name="retryIteration" value="0" />
                  <property name="repeatIteration" value="0" />
                </properties>
              </test-case>
              <test-case id="3393" name="InvalidPreferenceUsesTheDefaultWithoutOverwritingTheOriginal(&quot;malformed&quot;)" fullname="Hellscript.Tests.LocalizationTests.InvalidPreferenceUsesTheDefaultWithoutOverwritingTheOriginal(&quot;malformed&quot;)" methodname="InvalidPreferenceUsesTheDefaultWithoutOverwritingTheOriginal" classname="Hellscript.Tests.LocalizationTests" runstate="Runnable" seed="1340672401" result="Passed" start-time="2026-09-14 05:51:23Z" end-time="2026-09-14 05:51:23Z" duration="0.001200" asserts="0">
                <properties>
                  <property name="retryIteration" value="0" />
                  <property name="repeatIteration" value="0" />
                </properties>
              </test-case>
            </test-suite>
            <test-case id="3404" name="KnownLinesFromEveryCornerOfTheGameAreTranslated" fullname="Hellscript.Tests.LocalizationTests.KnownLinesFromEveryCornerOfTheGameAreTranslated" methodname="KnownLinesFromEveryCornerOfTheGameAreTranslated" classname="Hellscript.Tests.LocalizationTests" runstate="Runnable" seed="929701483" result="Passed" start-time="2026-09-14 05:51:23Z" end-time="2026-09-14 05:51:23Z" duration="0.004212" asserts="0">
              <properties>
                <property name="retryIteration" value="0" />
                <property name="repeatIteration" value="0" />
              </properties>
            </test-case>
            <test-case id="3387" name="MissingPreferenceStartsAtTheDefaultWithoutCreatingFiles" fullname="Hellscript.Tests.LocalizationTests.MissingPreferenceStartsAtTheDefaultWithoutCreatingFiles" methodname="MissingPreferenceStartsAtTheDefaultWithoutCreatingFiles" classname="Hellscript.Tests.LocalizationTests" runstate="Runnable" seed="1058608435" result="Passed" start-time="2026-09-14 05:51:23Z" end-time="2026-09-14 05:51:23Z" duration="0.000710" asserts="0">
              <properties>
                <property name="retryIteration" value="0" />
                <property name="repeatIteration" value="0" />
              </properties>
            </test-case>
            <test-case id="3405" name="NoEntryIsLeftBehindByARewordedLine" fullname="Hellscript.Tests.LocalizationTests.NoEntryIsLeftBehindByARewordedLine" methodname="NoEntryIsLeftBehindByARewordedLine" classname="Hellscript.Tests.LocalizationTests" runstate="Runnable" seed="2111092558" result="Passed" start-time="2026-09-14 05:51:23Z" end-time="2026-09-14 05:51:23Z" duration="0.080743" asserts="0">
              <properties>
                <property name="retryIteration" value="0" />
                <property name="repeatIteration" value="0" />
              </properties>
            </test-case>
            <test-case id="3380" name="NotesBlankLinesAndDamagedLinesAreCountedAndSkipped" fullname="Hellscript.Tests.LocalizationTests.NotesBlankLinesAndDamagedLinesAreCountedAndSkipped" methodname="NotesBlankLinesAndDamagedLinesAreCountedAndSkipped" classname="Hellscript.Tests.LocalizationTests" runstate="Runnable" seed="1038549859" result="Passed" start-time="2026-09-14 05:51:23Z" end-time="2026-09-14 05:51:23Z" duration="0.000311" asserts="0">
              <properties>
                <property name="retryIteration" value="0" />
                <property name="repeatIteration" value="0" />
              </properties>
            </test-case>
            <test-case id="3395" name="OversizedPreferenceIsPreserved" fullname="Hellscript.Tests.LocalizationTests.OversizedPreferenceIsPreserved" methodname="OversizedPreferenceIsPreserved" classname="Hellscript.Tests.LocalizationTests" runstate="Runnable" seed="800616280" result="Passed" start-time="2026-09-14 05:51:23Z" end-time="2026-09-14 05:51:23Z" duration="0.012562" asserts="0">
              <properties>
                <property name="retryIteration" value="0" />
                <property name="repeatIteration" value="0" />
              </properties>
            </test-case>
            <test-case id="3381" name="ReadingAStringWithoutATableReturnsTheSource" fullname="Hellscript.Tests.LocalizationTests.ReadingAStringWithoutATableReturnsTheSource" methodname="ReadingAStringWithoutATableReturnsTheSource" classname="Hellscript.Tests.LocalizationTests" runstate="Runnable" seed="419724984" result="Passed" start-time="2026-09-14 05:51:23Z" end-time="2026-09-14 05:51:23Z" duration="0.000397" asserts="0">
              <properties>
                <property name="retryIteration" value="0" />
                <property name="repeatIteration" value="0" />
              </properties>
            </test-case>
            <test-case id="3386" name="SelectingALanguageAndReturningToTheSourceIsRepeatable" fullname="Hellscript.Tests.LocalizationTests.SelectingALanguageAndReturningToTheSourceIsRepeatable" methodname="SelectingALanguageAndReturningToTheSourceIsRepeatable" classname="Hellscript.Tests.LocalizationTests" runstate="Runnable" seed="2270904" result="Passed" start-time="2026-09-14 05:51:23Z" end-time="2026-09-14 05:51:23Z" duration="0.000201" asserts="0">
              <properties>
                <property name="retryIteration" value="0" />
                <property name="repeatIteration" value="0" />
              </properties>
            </test-case>
            <test-case id="3385" name="StringArgumentsAreTranslatedSoAComposedLineIsNotHalfKorean" fullname="Hellscript.Tests.LocalizationTests.StringArgumentsAreTranslatedSoAComposedLineIsNotHalfKorean" methodname="StringArgumentsAreTranslatedSoAComposedLineIsNotHalfKorean" classname="Hellscript.Tests.LocalizationTests" runstate="Runnable" seed="1229658752" result="Passed" start-time="2026-09-14 05:51:23Z" end-time="2026-09-14 05:51:23Z" duration="0.000131" asserts="0">
              <properties>
                <property name="retryIteration" value="0" />
                <property name="repeatIteration" value="0" />
              </properties>
            </test-case>
            <test-case id="3402" name="TheEnglishTableParsesWithoutDamagedOrRepeatedLines" fullname="Hellscript.Tests.LocalizationTests.TheEnglishTableParsesWithoutDamagedOrRepeatedLines" methodname="TheEnglishTableParsesWithoutDamagedOrRepeatedLines" classname="Hellscript.Tests.LocalizationTests" runstate="Runnable" seed="1712397588" result="Passed" start-time="2026-09-14 05:51:23Z" end-time="2026-09-14 05:51:23Z" duration="0.003231" asserts="0">
              <properties>
                <property name="retryIteration" value="0" />
                <property name="repeatIteration" value="0" />
              </properties>
            </test-case>
            <test-case id="3400" name="TheSessionLoadsTheSavedLanguageWhenItIsCreated" fullname="Hellscript.Tests.LocalizationTests.TheSessionLoadsTheSavedLanguageWhenItIsCreated" methodname="TheSessionLoadsTheSavedLanguageWhenItIsCreated" classname="Hellscript.Tests.LocalizationTests" runstate="Runnable" seed="481402503" result="Passed" start-time="2026-09-14 05:51:23Z" end-time="2026-09-14 05:51:23Z" duration="0.003147" asserts="0">
              <properties>
                <property name="retryIteration" value="0" />
                <property name="repeatIteration" value="0" />
              </properties>
            </test-case>
            <test-case id="3372" name="TheSourceLanguageIsListedFirstAndNeedsNoTable" fullname="Hellscript.Tests.LocalizationTests.TheSourceLanguageIsListedFirstAndNeedsNoTable" methodname="TheSourceLanguageIsListedFirstAndNeedsNoTable" classname="Hellscript.Tests.LocalizationTests" runstate="Runnable" seed="787469534" result="Passed" start-time="2026-09-14 05:51:23Z" end-time="2026-09-14 05:51:23Z" duration="0.001150" asserts="0">
              <properties>
                <property name="retryIteration" value="0" />
                <property name="repeatIteration" value="0" />
              </properties>
            </test-case>
            <test-case id="3396" name="WritingAnUnsupportedLanguageIsRefusedBeforeTouchingTheFile" fullname="Hellscript.Tests.LocalizationTests.WritingAnUnsupportedLanguageIsRefusedBeforeTouchingTheFile" methodname="WritingAnUnsupportedLanguageIsRefusedBeforeTouchingTheFile" classname="Hellscript.Tests.LocalizationTests" runstate="Runnable" seed="2130990261" result="Passed" start-time="2026-09-14 05:51:23Z" end-time="2026-09-14 05:51:23Z" duration="0.000690" asserts="0">
              <properties>
                <property name="retryIteration" value="0" />
                <property name="repeatIteration" value="0" />
              </properties>
              <output><![CDATA[Saving results to: /Users/t8g-2410-pn-005/Library/Application Support/DefaultCompany/HELLSCRIPT/TestResults.xml
]]></output>
            </test-case>
          </test-suite>
        </test-suite>
      </test-suite>
    </test-suite>
  </test-suite>
</test-run>