<?xml version="1.0" encoding="utf-8"?>
<test-run id="2" testcasecount="1" result="Passed" total="1" passed="1" failed="0" inconclusive="0" skipped="0" asserts="0" engine-version="3.5.0.0" clr-version="4.0.30319.42000" start-time="2026-09-14 05:41:52Z" end-time="2026-09-14 05:42:06Z" duration="14.7710168">
  <test-suite type="TestSuite" id="1000" name="HELLSCRIPT" fullname="HELLSCRIPT" runstate="Runnable" testcasecount="2597" result="Passed" start-time="2026-09-14 05:41:52Z" end-time="2026-09-14 05:42:06Z" duration="14.771017" total="1" passed="1" failed="0" inconclusive="0" skipped="0" asserts="0">
    <properties>
      <property name="platform" value="EditMode" />
    </properties>
    <test-suite type="Assembly" id="4045" name="Hellscript.Tests.dll" fullname="/private/tmp/hellscript-organic-rift-validation/Library/ScriptAssemblies/Hellscript.Tests.dll" runstate="Runnable" testcasecount="2597" result="Passed" start-time="2026-09-14 05:41:52Z" end-time="2026-09-14 05:42:06Z" duration="14.663900" total="1" passed="1" failed="0" inconclusive="0" skipped="0" asserts="0">
      <properties>
        <property name="_PID" value="46392" />
        <property name="_APPDOMAIN" value="Unity Child Domain" />
        <property name="platform" value="EditMode" />
        <property name="EditorOnly" value="True" />
      </properties>
      <test-suite type="TestSuite" id="4046" name="Hellscript" fullname="Hellscript" runstate="Runnable" testcasecount="2597" result="Passed" start-time="2026-09-14 05:41:52Z" end-time="2026-09-14 05:42:06Z" duration="14.577422" total="1" passed="1" failed="0" inconclusive="0" skipped="0" asserts="0">
        <properties />
        <test-suite type="TestSuite" id="4047" name="Tests" fullname="Hellscript.Tests" runstate="Runnable" testcasecount="2597" result="Passed" start-time="2026-09-14 05:41:52Z" end-time="2026-09-14 05:42:06Z" duration="14.501293" total="1" passed="1" failed="0" inconclusive="0" skipped="0" asserts="0">
          <properties />
          <test-suite type="TestFixture" id="3709" name="RiftTests" fullname="Hellscript.Tests.RiftTests" classname="Hellscript.Tests.RiftTests" runstate="Runnable" testcasecount="19" result="Passed" start-time="2026-09-14 05:41:52Z" end-time="2026-09-14 05:42:06Z" duration="14.428398" total="1" passed="1" failed="0" inconclusive="0" skipped="0" asserts="0">
            <properties />
            <test-case id="3719" name="SeededMapsMeetGeometryEncounterAndRewardContracts" fullname="Hellscript.Tests.RiftTests.SeededMapsMeetGeometryEncounterAndRewardContracts" methodname="SeededMapsMeetGeometryEncounterAndRewardContracts" classname="Hellscript.Tests.RiftTests" runstate="Runnable" seed="1651821517" result="Passed" start-time="2026-09-14 05:41:52Z" end-time="2026-09-14 05:42:06Z" duration="14.414929" asserts="0">
              <properties>
                <property name="retryIteration" value="0" />
                <property name="repeatIteration" value="0" />
              </properties>
              <output><![CDATA[RIFT_SEED 1 rooms=8 candidate=1 fallback=
RIFT_SEED 2 rooms=9 candidate=1 fallback=
RIFT_SEED 3 rooms=7 candidate=0 fallback=
RIFT_SEED 4 rooms=8 candidate=0 fallback=
RIFT_SEED 5 rooms=9 candidate=5 fallback=
RIFT_SEED 6 rooms=7 candidate=0 fallback=
RIFT_SEED 7 rooms=8 candidate=1 fallback=
RIFT_SEED 8 rooms=9 candidate=0 fallback=
RIFT_SEED 9 rooms=7 candidate=0 fallback=
RIFT_SEED 10 rooms=8 candidate=0 fallback=
RIFT_SEED 11 rooms=9 candidate=2 fallback=
RIFT_SEED 12 rooms=7 candidate=0 fallback=
RIFT_SEED 13 rooms=8 candidate=0 fallback=
RIFT_SEED 14 rooms=9 candidate=9 fallback=
RIFT_SEED 15 rooms=7 candidate=0 fallback=
RIFT_SEED 16 rooms=8 candidate=0 fallback=
RIFT_SEED 17 rooms=9 candidate=0 fallback=
RIFT_SEED 18 rooms=7 candidate=2 fallback=
RIFT_SEED 19 rooms=8 candidate=0 fallback=
RIFT_SEED 20 rooms=9 candidate=0 fallback=
RIFT_SEED 21 rooms=7 candidate=0 fallback=
RIFT_SEED 22 rooms=8 candidate=0 fallback=
RIFT_SEED 23 rooms=9 candidate=7 fallback=
RIFT_SEED 24 rooms=7 candidate=0 fallback=
Saving results to: /Users/t8g-2410-pn-005/Library/Application Support/DefaultCompany/HELLSCRIPT/TestResults.xml
]]></output>
            </test-case>
          </test-suite>
        </test-suite>
      </test-suite>
    </test-suite>
  </test-suite>
</test-run>